{"C:\\Users\\prane\\OneDrive\\Desktop\\Prathap personal\\HospitalManagmentSystem\\Services\\auth\\src\\app.ts": {"path":"C:\\Users\\prane\\OneDrive\\Desktop\\Prathap personal\\HospitalManagmentSystem\\Services\\auth\\src\\app.ts","statementMap":{"0":{"start":{"line":1,"column":0},"end":{"line":1,"column":30}},"1":{"start":{"line":2,"column":0},"end":{"line":2,"column":28}},"2":{"start":{"line":3,"column":0},"end":{"line":3,"column":24}},"3":{"start":{"line":4,"column":0},"end":{"line":4,"column":37}},"4":{"start":{"line":5,"column":0},"end":{"line":5,"column":40}},"5":{"start":{"line":6,"column":0},"end":{"line":6,"column":16}},"6":{"start":{"line":8,"column":12},"end":{"line":8,"column":21}},"7":{"start":{"line":9,"column":0},"end":{"line":9,"column":70}},"8":{"start":{"line":10,"column":0},"end":{"line":10,"column":24}},"9":{"start":{"line":11,"column":0},"end":{"line":11,"column":null}},"10":{"start":{"line":13,"column":0},"end":{"line":13,"column":27}},"11":{"start":{"line":14,"column":0},"end":{"line":14,"column":19}}},"fnMap":{},"branchMap":{},"s":{"0":0,"1":0,"2":0,"3":0,"4":0,"5":0,"6":0,"7":0,"8":0,"9":0,"10":0,"11":0},"f":{},"b":{}}
,"C:\\Users\\prane\\OneDrive\\Desktop\\Prathap personal\\HospitalManagmentSystem\\Services\\auth\\src\\index.ts": {"path":"C:\\Users\\prane\\OneDrive\\Desktop\\Prathap personal\\HospitalManagmentSystem\\Services\\auth\\src\\index.ts","statementMap":{"0":{"start":{"line":1,"column":0},"end":{"line":1,"column":28}},"1":{"start":{"line":2,"column":0},"end":{"line":2,"column":24}},"2":{"start":{"line":3,"column":0},"end":{"line":3,"column":40}},"3":{"start":{"line":5,"column":0},"end":{"line":5,"column":16}},"4":{"start":{"line":7,"column":13},"end":{"line":7,"column":37}},"5":{"start":{"line":9,"column":0},"end":{"line":21,"column":5}},"6":{"start":{"line":10,"column":2},"end":{"line":20,"column":3}},"7":{"start":{"line":11,"column":4},"end":{"line":11,"column":22}},"8":{"start":{"line":12,"column":4},"end":{"line":14,"column":7}},"9":{"start":{"line":13,"column":6},"end":{"line":13,"column":55}},"10":{"start":{"line":16,"column":4},"end":{"line":19,"column":6}}},"fnMap":{"0":{"name":"(anonymous_1)","decl":{"start":{"line":9,"column":1},"end":{"line":9,"column":6}},"loc":{"start":{"line":9,"column":12},"end":{"line":21,"column":1}}},"1":{"name":"(anonymous_2)","decl":{"start":{"line":12,"column":21},"end":{"line":12,"column":24}},"loc":{"start":{"line":12,"column":26},"end":{"line":14,"column":5}}}},"branchMap":{"0":{"loc":{"start":{"line":7,"column":13},"end":{"line":7,"column":37}},"type":"binary-expr","locations":[{"start":{"line":7,"column":13},"end":{"line":7,"column":29}},{"start":{"line":7,"column":33},"end":{"line":7,"column":37}}]}},"s":{"0":0,"1":0,"2":0,"3":0,"4":0,"5":0,"6":0,"7":0,"8":0,"9":0,"10":0},"f":{"0":0,"1":0},"b":{"0":[0,0]}}
,"C:\\Users\\prane\\OneDrive\\Desktop\\Prathap personal\\HospitalManagmentSystem\\Services\\auth\\src\\config\\db.ts": {"path":"C:\\Users\\prane\\OneDrive\\Desktop\\Prathap personal\\HospitalManagmentSystem\\Services\\auth\\src\\config\\db.ts","statementMap":{"0":{"start":{"line":1,"column":0},"end":{"line":1,"column":32}},"1":{"start":{"line":2,"column":0},"end":{"line":2,"column":28}},"2":{"start":{"line":3,"column":0},"end":{"line":3,"column":16}},"3":{"start":{"line":4,"column":26},"end":{"line":4,"column":53}},"4":{"start":{"line":6,"column":25},"end":{"line":26,"column":1}},"5":{"start":{"line":7,"column":2},"end":{"line":17,"column":3}},"6":{"start":{"line":8,"column":4},"end":{"line":11,"column":5}},"7":{"start":{"line":9,"column":6},"end":{"line":9,"column":71}},"8":{"start":{"line":10,"column":6},"end":{"line":10,"column":22}},"9":{"start":{"line":12,"column":4},"end":{"line":12,"column":38}},"10":{"start":{"line":13,"column":4},"end":{"line":13,"column":50}},"11":{"start":{"line":15,"column":4},"end":{"line":15,"column":57}},"12":{"start":{"line":16,"column":4},"end":{"line":16,"column":20}},"13":{"start":{"line":19,"column":2},"end":{"line":21,"column":5}},"14":{"start":{"line":20,"column":4},"end":{"line":20,"column":44}},"15":{"start":{"line":23,"column":2},"end":{"line":25,"column":5}},"16":{"start":{"line":24,"column":4},"end":{"line":24,"column":52}},"17":{"start":{"line":6,"column":13},"end":{"line":6,"column":25}}},"fnMap":{"0":{"name":"(anonymous_1)","decl":{"start":{"line":6,"column":25},"end":{"line":6,"column":30}},"loc":{"start":{"line":6,"column":51},"end":{"line":26,"column":1}}},"1":{"name":"(anonymous_2)","decl":{"start":{"line":19,"column":41},"end":{"line":19,"column":44}},"loc":{"start":{"line":19,"column":46},"end":{"line":21,"column":3}}},"2":{"name":"(anonymous_3)","decl":{"start":{"line":23,"column":34},"end":{"line":23,"column":35}},"loc":{"start":{"line":23,"column":42},"end":{"line":25,"column":3}}}},"branchMap":{"0":{"loc":{"start":{"line":4,"column":26},"end":{"line":4,"column":53}},"type":"binary-expr","locations":[{"start":{"line":4,"column":26},"end":{"line":4,"column":47}},{"start":{"line":4,"column":51},"end":{"line":4,"column":53}}]},"1":{"loc":{"start":{"line":8,"column":4},"end":{"line":11,"column":5}},"type":"if","locations":[{"start":{"line":8,"column":4},"end":{"line":11,"column":5}},{"start":{},"end":{}}]}},"s":{"0":0,"1":0,"2":0,"3":0,"4":0,"5":0,"6":0,"7":0,"8":0,"9":0,"10":0,"11":0,"12":0,"13":0,"14":0,"15":0,"16":0,"17":0},"f":{"0":0,"1":0,"2":0},"b":{"0":[0,0],"1":[0,0]}}
,"C:\\Users\\prane\\OneDrive\\Desktop\\Prathap personal\\HospitalManagmentSystem\\Services\\auth\\src\\config\\redis.ts": {"path":"C:\\Users\\prane\\OneDrive\\Desktop\\Prathap personal\\HospitalManagmentSystem\\Services\\auth\\src\\config\\redis.ts","statementMap":{"0":{"start":{"line":2,"column":0},"end":{"line":2,"column":37}},"1":{"start":{"line":4,"column":20},"end":{"line":6,"column":2}},"2":{"start":{"line":8,"column":0},"end":{"line":8,"column":71}},"3":{"start":{"line":8,"column":33},"end":{"line":8,"column":69}},"4":{"start":{"line":9,"column":0},"end":{"line":9,"column":66}},"5":{"start":{"line":9,"column":32},"end":{"line":9,"column":64}},"6":{"start":{"line":11,"column":0},"end":{"line":13,"column":5}},"7":{"start":{"line":12,"column":4},"end":{"line":12,"column":32}},"8":{"start":{"line":15,"column":0},"end":{"line":15,"column":27}}},"fnMap":{"0":{"name":"(anonymous_0)","decl":{"start":{"line":8,"column":24},"end":{"line":8,"column":25}},"loc":{"start":{"line":8,"column":33},"end":{"line":8,"column":69}}},"1":{"name":"(anonymous_1)","decl":{"start":{"line":9,"column":26},"end":{"line":9,"column":29}},"loc":{"start":{"line":9,"column":32},"end":{"line":9,"column":64}}},"2":{"name":"(anonymous_2)","decl":{"start":{"line":11,"column":1},"end":{"line":11,"column":6}},"loc":{"start":{"line":11,"column":12},"end":{"line":13,"column":1}}}},"branchMap":{},"s":{"0":2,"1":2,"2":2,"3":0,"4":2,"5":2,"6":2,"7":2,"8":2},"f":{"0":0,"1":2,"2":2},"b":{}}
,"C:\\Users\\prane\\OneDrive\\Desktop\\Prathap personal\\HospitalManagmentSystem\\Services\\auth\\src\\middlewares\\jwt.ts": {"path":"C:\\Users\\prane\\OneDrive\\Desktop\\Prathap personal\\HospitalManagmentSystem\\Services\\auth\\src\\middlewares\\jwt.ts","statementMap":{"0":{"start":{"line":20,"column":0},"end":{"line":20,"column":16}},"1":{"start":{"line":36,"column":0},"end":{"line":36,"column":16}},"2":{"start":{"line":61,"column":0},"end":{"line":61,"column":16}},"3":{"start":{"line":75,"column":0},"end":{"line":75,"column":16}},"4":{"start":{"line":93,"column":0},"end":{"line":93,"column":16}},"5":{"start":{"line":2,"column":0},"end":{"line":2,"column":48}},"6":{"start":{"line":3,"column":0},"end":{"line":3,"column":28}},"7":{"start":{"line":5,"column":0},"end":{"line":5,"column":16}},"8":{"start":{"line":7,"column":24},"end":{"line":7,"column":80}},"9":{"start":{"line":8,"column":24},"end":{"line":8,"column":62}},"10":{"start":{"line":10,"column":25},"end":{"line":10,"column":83}},"11":{"start":{"line":11,"column":25},"end":{"line":11,"column":63}},"12":{"start":{"line":21,"column":4},"end":{"line":30,"column":5}},"13":{"start":{"line":22,"column":22},"end":{"line":22,"column":107}},"14":{"start":{"line":23,"column":8},"end":{"line":25,"column":9}},"15":{"start":{"line":24,"column":12},"end":{"line":24,"column":null}},"16":{"start":{"line":26,"column":8},"end":{"line":26,"column":null}},"17":{"start":{"line":29,"column":8},"end":{"line":29,"column":91}},"18":{"start":{"line":37,"column":4},"end":{"line":57,"column":5}},"19":{"start":{"line":39,"column":28},"end":{"line":39,"column":95}},"20":{"start":{"line":40,"column":22},"end":{"line":40,"column":57}},"21":{"start":{"line":41,"column":8},"end":{"line":43,"column":9}},"22":{"start":{"line":42,"column":12},"end":{"line":42,"column":96}},"23":{"start":{"line":45,"column":24},"end":{"line":45,"column":74}},"24":{"start":{"line":46,"column":8},"end":{"line":48,"column":9}},"25":{"start":{"line":47,"column":12},"end":{"line":47,"column":96}},"26":{"start":{"line":51,"column":9},"end":{"line":51,"column":36}},"27":{"start":{"line":52,"column":8},"end":{"line":52,"column":15}},"28":{"start":{"line":55,"column":24},"end":{"line":55,"column":78}},"29":{"start":{"line":56,"column":8},"end":{"line":56,"column":112}},"30":{"start":{"line":62,"column":4},"end":{"line":71,"column":5}},"31":{"start":{"line":63,"column":22},"end":{"line":63,"column":109}},"32":{"start":{"line":64,"column":8},"end":{"line":66,"column":9}},"33":{"start":{"line":65,"column":12},"end":{"line":65,"column":null}},"34":{"start":{"line":67,"column":8},"end":{"line":67,"column":null}},"35":{"start":{"line":70,"column":8},"end":{"line":70,"column":91}},"36":{"start":{"line":76,"column":4},"end":{"line":88,"column":5}},"37":{"start":{"line":77,"column":24},"end":{"line":77,"column":71}},"38":{"start":{"line":78,"column":8},"end":{"line":80,"column":9}},"39":{"start":{"line":79,"column":12},"end":{"line":79,"column":108}},"40":{"start":{"line":81,"column":24},"end":{"line":81,"column":77}},"41":{"start":{"line":82,"column":8},"end":{"line":84,"column":9}},"42":{"start":{"line":83,"column":12},"end":{"line":83,"column":96}},"43":{"start":{"line":85,"column":8},"end":{"line":85,"column":15}},"44":{"start":{"line":87,"column":8},"end":{"line":87,"column":91}},"45":{"start":{"line":94,"column":4},"end":{"line":105,"column":5}},"46":{"start":{"line":95,"column":8},"end":{"line":97,"column":9}},"47":{"start":{"line":96,"column":12},"end":{"line":96,"column":98}},"48":{"start":{"line":98,"column":24},"end":{"line":98,"column":75}},"49":{"start":{"line":99,"column":8},"end":{"line":101,"column":9}},"50":{"start":{"line":100,"column":12},"end":{"line":100,"column":86}},"51":{"start":{"line":102,"column":8},"end":{"line":102,"column":95}},"52":{"start":{"line":104,"column":8},"end":{"line":104,"column":91}}},"fnMap":{"0":{"name":"generateJwtToken","decl":{"start":{"line":20,"column":16},"end":{"line":20,"column":32}},"loc":{"start":{"line":20,"column":52},"end":{"line":33,"column":1}}},"1":{"name":"verifyJwtToken","decl":{"start":{"line":36,"column":16},"end":{"line":36,"column":30}},"loc":{"start":{"line":36,"column":78},"end":{"line":58,"column":1}}},"2":{"name":"generateRefereshedToken","decl":{"start":{"line":61,"column":16},"end":{"line":61,"column":39}},"loc":{"start":{"line":61,"column":59},"end":{"line":72,"column":1}}},"3":{"name":"verifyRefreshedToken1","decl":{"start":{"line":75,"column":16},"end":{"line":75,"column":37}},"loc":{"start":{"line":75,"column":85},"end":{"line":89,"column":1}}},"4":{"name":"verifyRefreshedToken","decl":{"start":{"line":93,"column":16},"end":{"line":93,"column":36}},"loc":{"start":{"line":93,"column":50},"end":{"line":106,"column":1}}}},"branchMap":{"0":{"loc":{"start":{"line":7,"column":24},"end":{"line":7,"column":80}},"type":"binary-expr","locations":[{"start":{"line":7,"column":24},"end":{"line":7,"column":53}},{"start":{"line":7,"column":57},"end":{"line":7,"column":80}}]},"1":{"loc":{"start":{"line":8,"column":24},"end":{"line":8,"column":62}},"type":"binary-expr","locations":[{"start":{"line":8,"column":24},"end":{"line":8,"column":53}},{"start":{"line":8,"column":57},"end":{"line":8,"column":62}}]},"2":{"loc":{"start":{"line":10,"column":25},"end":{"line":10,"column":83}},"type":"binary-expr","locations":[{"start":{"line":10,"column":25},"end":{"line":10,"column":55}},{"start":{"line":10,"column":59},"end":{"line":10,"column":83}}]},"3":{"loc":{"start":{"line":11,"column":25},"end":{"line":11,"column":63}},"type":"binary-expr","locations":[{"start":{"line":11,"column":25},"end":{"line":11,"column":55}},{"start":{"line":11,"column":59},"end":{"line":11,"column":63}}]},"4":{"loc":{"start":{"line":23,"column":8},"end":{"line":25,"column":9}},"type":"if","locations":[{"start":{"line":23,"column":8},"end":{"line":25,"column":9}},{"start":{},"end":{}}]},"5":{"loc":{"start":{"line":39,"column":28},"end":{"line":39,"column":95}},"type":"binary-expr","locations":[{"start":{"line":39,"column":28},"end":{"line":39,"column":67}},{"start":{"line":39,"column":71},"end":{"line":39,"column":95}}]},"6":{"loc":{"start":{"line":40,"column":22},"end":{"line":40,"column":57}},"type":"cond-expr","locations":[{"start":{"line":40,"column":35},"end":{"line":40,"column":45}},{"start":{"line":40,"column":48},"end":{"line":40,"column":57}}]},"7":{"loc":{"start":{"line":41,"column":8},"end":{"line":43,"column":9}},"type":"if","locations":[{"start":{"line":41,"column":8},"end":{"line":43,"column":9}},{"start":{},"end":{}}]},"8":{"loc":{"start":{"line":46,"column":8},"end":{"line":48,"column":9}},"type":"if","locations":[{"start":{"line":46,"column":8},"end":{"line":48,"column":9}},{"start":{},"end":{}}]},"9":{"loc":{"start":{"line":55,"column":24},"end":{"line":55,"column":78}},"type":"cond-expr","locations":[{"start":{"line":55,"column":49},"end":{"line":55,"column":62}},{"start":{"line":55,"column":65},"end":{"line":55,"column":78}}]},"10":{"loc":{"start":{"line":56,"column":64},"end":{"line":56,"column":98}},"type":"binary-expr","locations":[{"start":{"line":56,"column":64},"end":{"line":56,"column":71}},{"start":{"line":56,"column":75},"end":{"line":56,"column":98}}]},"11":{"loc":{"start":{"line":64,"column":8},"end":{"line":66,"column":9}},"type":"if","locations":[{"start":{"line":64,"column":8},"end":{"line":66,"column":9}},{"start":{},"end":{}}]},"12":{"loc":{"start":{"line":78,"column":8},"end":{"line":80,"column":9}},"type":"if","locations":[{"start":{"line":78,"column":8},"end":{"line":80,"column":9}},{"start":{},"end":{}}]},"13":{"loc":{"start":{"line":82,"column":8},"end":{"line":84,"column":9}},"type":"if","locations":[{"start":{"line":82,"column":8},"end":{"line":84,"column":9}},{"start":{},"end":{}}]},"14":{"loc":{"start":{"line":95,"column":8},"end":{"line":97,"column":9}},"type":"if","locations":[{"start":{"line":95,"column":8},"end":{"line":97,"column":9}},{"start":{},"end":{}}]},"15":{"loc":{"start":{"line":99,"column":8},"end":{"line":101,"column":9}},"type":"if","locations":[{"start":{"line":99,"column":8},"end":{"line":101,"column":9}},{"start":{},"end":{}}]}},"s":{"0":2,"1":2,"2":2,"3":2,"4":2,"5":2,"6":2,"7":2,"8":2,"9":2,"10":2,"11":2,"12":0,"13":0,"14":0,"15":0,"16":0,"17":0,"18":0,"19":0,"20":0,"21":0,"22":0,"23":0,"24":0,"25":0,"26":0,"27":0,"28":0,"29":0,"30":0,"31":0,"32":0,"33":0,"34":0,"35":0,"36":0,"37":0,"38":0,"39":0,"40":0,"41":0,"42":0,"43":0,"44":0,"45":0,"46":0,"47":0,"48":0,"49":0,"50":0,"51":0,"52":0},"f":{"0":0,"1":0,"2":0,"3":0,"4":0},"b":{"0":[2,0],"1":[2,0],"2":[2,0],"3":[2,0],"4":[0,0],"5":[0,0],"6":[0,0],"7":[0,0],"8":[0,0],"9":[0,0],"10":[0,0],"11":[0,0],"12":[0,0],"13":[0,0],"14":[0,0],"15":[0,0]}}
,"C:\\Users\\prane\\OneDrive\\Desktop\\Prathap personal\\HospitalManagmentSystem\\Services\\auth\\src\\middlewares\\refreshToken.ts": {"path":"C:\\Users\\prane\\OneDrive\\Desktop\\Prathap personal\\HospitalManagmentSystem\\Services\\auth\\src\\middlewares\\refreshToken.ts","statementMap":{"0":{"start":{"line":2,"column":0},"end":{"line":2,"column":28}},"1":{"start":{"line":4,"column":0},"end":{"line":4,"column":16}}},"fnMap":{},"branchMap":{},"s":{"0":0,"1":0},"f":{},"b":{}}
,"C:\\Users\\prane\\OneDrive\\Desktop\\Prathap personal\\HospitalManagmentSystem\\Services\\auth\\src\\models\\modelRigistry.ts": {"path":"C:\\Users\\prane\\OneDrive\\Desktop\\Prathap personal\\HospitalManagmentSystem\\Services\\auth\\src\\models\\modelRigistry.ts","statementMap":{"0":{"start":{"line":1,"column":0},"end":{"line":1,"column":41}},"1":{"start":{"line":3,"column":13},"end":{"line":5,"column":null}}},"fnMap":{},"branchMap":{},"s":{"0":2,"1":2},"f":{},"b":{}}
,"C:\\Users\\prane\\OneDrive\\Desktop\\Prathap personal\\HospitalManagmentSystem\\Services\\auth\\src\\models\\user.model.ts": {"path":"C:\\Users\\prane\\OneDrive\\Desktop\\Prathap personal\\HospitalManagmentSystem\\Services\\auth\\src\\models\\user.model.ts","statementMap":{"0":{"start":{"line":1,"column":0},"end":{"line":1,"column":32}},"1":{"start":{"line":17,"column":19},"end":{"line":48,"column":null}},"2":{"start":{"line":53,"column":13},"end":{"line":53,"column":66}}},"fnMap":{},"branchMap":{},"s":{"0":4,"1":4,"2":4},"f":{},"b":{}}
,"C:\\Users\\prane\\OneDrive\\Desktop\\Prathap personal\\HospitalManagmentSystem\\Services\\auth\\src\\routes\\user.auth.ts": {"path":"C:\\Users\\prane\\OneDrive\\Desktop\\Prathap personal\\HospitalManagmentSystem\\Services\\auth\\src\\routes\\user.auth.ts","statementMap":{"0":{"start":{"line":1,"column":0},"end":{"line":1,"column":52}},"1":{"start":{"line":2,"column":0},"end":{"line":2,"column":67}},"2":{"start":{"line":3,"column":0},"end":{"line":3,"column":55}},"3":{"start":{"line":4,"column":0},"end":{"line":4,"column":71}},"4":{"start":{"line":5,"column":0},"end":{"line":5,"column":117}},"5":{"start":{"line":6,"column":0},"end":{"line":6,"column":32}},"6":{"start":{"line":7,"column":0},"end":{"line":7,"column":42}},"7":{"start":{"line":8,"column":0},"end":{"line":8,"column":30}},"8":{"start":{"line":10,"column":15},"end":{"line":10,"column":23}},"9":{"start":{"line":13,"column":0},"end":{"line":44,"column":3}},"10":{"start":{"line":14,"column":4},"end":{"line":43,"column":5}},"11":{"start":{"line":16,"column":8},"end":{"line":18,"column":9}},"12":{"start":{"line":17,"column":12},"end":{"line":17,"column":115}},"13":{"start":{"line":20,"column":8},"end":{"line":20,"column":54}},"14":{"start":{"line":21,"column":68},"end":{"line":21,"column":83}},"15":{"start":{"line":23,"column":29},"end":{"line":23,"column":116}},"16":{"start":{"line":24,"column":8},"end":{"line":26,"column":9}},"17":{"start":{"line":25,"column":12},"end":{"line":25,"column":115}},"18":{"start":{"line":28,"column":37},"end":{"line":28,"column":65}},"19":{"start":{"line":29,"column":8},"end":{"line":31,"column":9}},"20":{"start":{"line":30,"column":12},"end":{"line":30,"column":86}},"21":{"start":{"line":34,"column":23},"end":{"line":34,"column":154}},"22":{"start":{"line":35,"column":8},"end":{"line":37,"column":9}},"23":{"start":{"line":36,"column":12},"end":{"line":36,"column":58}},"24":{"start":{"line":38,"column":8},"end":{"line":38,"column":44}},"25":{"start":{"line":41,"column":24},"end":{"line":41,"column":78}},"26":{"start":{"line":42,"column":8},"end":{"line":42,"column":124}},"27":{"start":{"line":47,"column":0},"end":{"line":108,"column":null}},"28":{"start":{"line":48,"column":4},"end":{"line":107,"column":5}},"29":{"start":{"line":50,"column":8},"end":{"line":52,"column":9}},"30":{"start":{"line":51,"column":12},"end":{"line":51,"column":115}},"31":{"start":{"line":53,"column":36},"end":{"line":53,"column":51}},"32":{"start":{"line":55,"column":22},"end":{"line":59,"column":null}},"33":{"start":{"line":60,"column":27},"end":{"line":60,"column":89}},"34":{"start":{"line":61,"column":8},"end":{"line":63,"column":9}},"35":{"start":{"line":62,"column":12},"end":{"line":62,"column":110}},"36":{"start":{"line":64,"column":32},"end":{"line":64,"column":69}},"37":{"start":{"line":65,"column":29},"end":{"line":65,"column":76}},"38":{"start":{"line":66,"column":8},"end":{"line":68,"column":9}},"39":{"start":{"line":67,"column":12},"end":{"line":67,"column":74}},"40":{"start":{"line":70,"column":27},"end":{"line":74,"column":10}},"41":{"start":{"line":76,"column":25},"end":{"line":76,"column":85}},"42":{"start":{"line":77,"column":8},"end":{"line":79,"column":9}},"43":{"start":{"line":78,"column":12},"end":{"line":78,"column":120}},"44":{"start":{"line":81,"column":29},"end":{"line":81,"column":96}},"45":{"start":{"line":82,"column":8},"end":{"line":84,"column":9}},"46":{"start":{"line":83,"column":12},"end":{"line":83,"column":128}},"47":{"start":{"line":88,"column":8},"end":{"line":90,"column":9}},"48":{"start":{"line":89,"column":12},"end":{"line":89,"column":122}},"49":{"start":{"line":93,"column":25},"end":{"line":93,"column":57}},"50":{"start":{"line":94,"column":8},"end":{"line":94,"column":103}},"51":{"start":{"line":97,"column":8},"end":{"line":102,"column":11}},"52":{"start":{"line":103,"column":8},"end":{"line":103,"column":319}},"53":{"start":{"line":105,"column":24},"end":{"line":105,"column":78}},"54":{"start":{"line":106,"column":8},"end":{"line":106,"column":124}},"55":{"start":{"line":111,"column":0},"end":{"line":191,"column":null}},"56":{"start":{"line":112,"column":4},"end":{"line":189,"column":5}},"57":{"start":{"line":114,"column":29},"end":{"line":114,"column":76}},"58":{"start":{"line":115,"column":8},"end":{"line":117,"column":9}},"59":{"start":{"line":116,"column":12},"end":{"line":116,"column":139}},"60":{"start":{"line":118,"column":8},"end":{"line":135,"column":9}},"61":{"start":{"line":120,"column":12},"end":{"line":120,"column":null}},"62":{"start":{"line":121,"column":12},"end":{"line":124,"column":13}},"63":{"start":{"line":122,"column":16},"end":{"line":122,"column":64}},"64":{"start":{"line":126,"column":12},"end":{"line":133,"column":13}},"65":{"start":{"line":127,"column":32},"end":{"line":127,"column":63}},"66":{"start":{"line":128,"column":16},"end":{"line":130,"column":17}},"67":{"start":{"line":129,"column":20},"end":{"line":129,"column":67}},"68":{"start":{"line":131,"column":16},"end":{"line":131,"column":114}},"69":{"start":{"line":132,"column":16},"end":{"line":132,"column":103}},"70":{"start":{"line":134,"column":12},"end":{"line":134,"column":78}},"71":{"start":{"line":136,"column":23},"end":{"line":136,"column":38}},"72":{"start":{"line":138,"column":23},"end":{"line":138,"column":71}},"73":{"start":{"line":139,"column":8},"end":{"line":141,"column":9}},"74":{"start":{"line":140,"column":12},"end":{"line":140,"column":80}},"75":{"start":{"line":143,"column":8},"end":{"line":147,"column":9}},"76":{"start":{"line":144,"column":12},"end":{"line":144,"column":43}},"77":{"start":{"line":146,"column":12},"end":{"line":146,"column":93}},"78":{"start":{"line":148,"column":8},"end":{"line":150,"column":9}},"79":{"start":{"line":149,"column":12},"end":{"line":149,"column":79}},"80":{"start":{"line":152,"column":27},"end":{"line":156,"column":10}},"81":{"start":{"line":158,"column":25},"end":{"line":158,"column":85}},"82":{"start":{"line":159,"column":8},"end":{"line":161,"column":9}},"83":{"start":{"line":160,"column":12},"end":{"line":160,"column":120}},"84":{"start":{"line":163,"column":37},"end":{"line":163,"column":104}},"85":{"start":{"line":164,"column":8},"end":{"line":166,"column":9}},"86":{"start":{"line":165,"column":12},"end":{"line":165,"column":128}},"87":{"start":{"line":170,"column":8},"end":{"line":172,"column":9}},"88":{"start":{"line":171,"column":12},"end":{"line":171,"column":122}},"89":{"start":{"line":175,"column":25},"end":{"line":175,"column":57}},"90":{"start":{"line":176,"column":8},"end":{"line":176,"column":111}},"91":{"start":{"line":179,"column":8},"end":{"line":184,"column":11}},"92":{"start":{"line":185,"column":8},"end":{"line":185,"column":231}},"93":{"start":{"line":188,"column":8},"end":{"line":188,"column":null}},"94":{"start":{"line":192,"column":0},"end":{"line":192,"column":null}},"95":{"start":{"line":195,"column":0},"end":{"line":212,"column":null}},"96":{"start":{"line":196,"column":4},"end":{"line":211,"column":5}},"97":{"start":{"line":198,"column":8},"end":{"line":200,"column":9}},"98":{"start":{"line":199,"column":12},"end":{"line":199,"column":115}},"99":{"start":{"line":201,"column":27},"end":{"line":201,"column":42}},"100":{"start":{"line":203,"column":34},"end":{"line":203,"column":140}},"101":{"start":{"line":204,"column":8},"end":{"line":206,"column":9}},"102":{"start":{"line":205,"column":12},"end":{"line":205,"column":110}},"103":{"start":{"line":207,"column":8},"end":{"line":207,"column":144}},"104":{"start":{"line":209,"column":24},"end":{"line":209,"column":78}},"105":{"start":{"line":210,"column":8},"end":{"line":210,"column":124}},"106":{"start":{"line":216,"column":0},"end":{"line":229,"column":null}},"107":{"start":{"line":217,"column":4},"end":{"line":228,"column":5}},"108":{"start":{"line":218,"column":8},"end":{"line":222,"column":null}},"109":{"start":{"line":223,"column":8},"end":{"line":223,"column":114}},"110":{"start":{"line":226,"column":24},"end":{"line":226,"column":78}},"111":{"start":{"line":227,"column":8},"end":{"line":227,"column":null}},"112":{"start":{"line":232,"column":0},"end":{"line":232,"column":22}}},"fnMap":{"0":{"name":"(anonymous_1)","decl":{"start":{"line":13,"column":29},"end":{"line":13,"column":34}},"loc":{"start":{"line":13,"column":67},"end":{"line":44,"column":1}}},"1":{"name":"(anonymous_2)","decl":{"start":{"line":20,"column":37},"end":{"line":20,"column":42}},"loc":{"start":{"line":20,"column":48},"end":{"line":20,"column":52}}},"2":{"name":"(anonymous_3)","decl":{"start":{"line":47,"column":26},"end":{"line":47,"column":31}},"loc":{"start":{"line":47,"column":64},"end":{"line":108,"column":1}}},"3":{"name":"(anonymous_4)","decl":{"start":{"line":111,"column":29},"end":{"line":111,"column":34}},"loc":{"start":{"line":111,"column":67},"end":{"line":191,"column":1}}},"4":{"name":"(anonymous_5)","decl":{"start":{"line":195,"column":28},"end":{"line":195,"column":33}},"loc":{"start":{"line":195,"column":66},"end":{"line":212,"column":1}}},"5":{"name":"(anonymous_6)","decl":{"start":{"line":216,"column":23},"end":{"line":216,"column":28}},"loc":{"start":{"line":216,"column":61},"end":{"line":229,"column":1}}}},"branchMap":{"0":{"loc":{"start":{"line":16,"column":8},"end":{"line":18,"column":9}},"type":"if","locations":[{"start":{"line":16,"column":8},"end":{"line":18,"column":9}},{"start":{},"end":{}}]},"1":{"loc":{"start":{"line":24,"column":8},"end":{"line":26,"column":9}},"type":"if","locations":[{"start":{"line":24,"column":8},"end":{"line":26,"column":9}},{"start":{},"end":{}}]},"2":{"loc":{"start":{"line":24,"column":12},"end":{"line":24,"column":77}},"type":"binary-expr","locations":[{"start":{"line":24,"column":12},"end":{"line":24,"column":45}},{"start":{"line":24,"column":49},"end":{"line":24,"column":77}}]},"3":{"loc":{"start":{"line":29,"column":8},"end":{"line":31,"column":9}},"type":"if","locations":[{"start":{"line":29,"column":8},"end":{"line":31,"column":9}},{"start":{},"end":{}}]},"4":{"loc":{"start":{"line":35,"column":8},"end":{"line":37,"column":9}},"type":"if","locations":[{"start":{"line":35,"column":8},"end":{"line":37,"column":9}},{"start":{},"end":{}}]},"5":{"loc":{"start":{"line":41,"column":24},"end":{"line":41,"column":78}},"type":"cond-expr","locations":[{"start":{"line":41,"column":49},"end":{"line":41,"column":62}},{"start":{"line":41,"column":65},"end":{"line":41,"column":78}}]},"6":{"loc":{"start":{"line":42,"column":76},"end":{"line":42,"column":110}},"type":"binary-expr","locations":[{"start":{"line":42,"column":76},"end":{"line":42,"column":83}},{"start":{"line":42,"column":87},"end":{"line":42,"column":110}}]},"7":{"loc":{"start":{"line":50,"column":8},"end":{"line":52,"column":9}},"type":"if","locations":[{"start":{"line":50,"column":8},"end":{"line":52,"column":9}},{"start":{},"end":{}}]},"8":{"loc":{"start":{"line":61,"column":8},"end":{"line":63,"column":9}},"type":"if","locations":[{"start":{"line":61,"column":8},"end":{"line":63,"column":9}},{"start":{},"end":{}}]},"9":{"loc":{"start":{"line":61,"column":12},"end":{"line":61,"column":74}},"type":"binary-expr","locations":[{"start":{"line":61,"column":12},"end":{"line":61,"column":31}},{"start":{"line":61,"column":36},"end":{"line":61,"column":74}}]},"10":{"loc":{"start":{"line":66,"column":8},"end":{"line":68,"column":9}},"type":"if","locations":[{"start":{"line":66,"column":8},"end":{"line":68,"column":9}},{"start":{},"end":{}}]},"11":{"loc":{"start":{"line":77,"column":8},"end":{"line":79,"column":9}},"type":"if","locations":[{"start":{"line":77,"column":8},"end":{"line":79,"column":9}},{"start":{},"end":{}}]},"12":{"loc":{"start":{"line":82,"column":8},"end":{"line":84,"column":9}},"type":"if","locations":[{"start":{"line":82,"column":8},"end":{"line":84,"column":9}},{"start":{},"end":{}}]},"13":{"loc":{"start":{"line":88,"column":8},"end":{"line":90,"column":9}},"type":"if","locations":[{"start":{"line":88,"column":8},"end":{"line":90,"column":9}},{"start":{},"end":{}}]},"14":{"loc":{"start":{"line":105,"column":24},"end":{"line":105,"column":78}},"type":"cond-expr","locations":[{"start":{"line":105,"column":49},"end":{"line":105,"column":62}},{"start":{"line":105,"column":65},"end":{"line":105,"column":78}}]},"15":{"loc":{"start":{"line":106,"column":76},"end":{"line":106,"column":110}},"type":"binary-expr","locations":[{"start":{"line":106,"column":76},"end":{"line":106,"column":83}},{"start":{"line":106,"column":87},"end":{"line":106,"column":110}}]},"16":{"loc":{"start":{"line":115,"column":8},"end":{"line":117,"column":9}},"type":"if","locations":[{"start":{"line":115,"column":8},"end":{"line":117,"column":9}},{"start":{},"end":{}}]},"17":{"loc":{"start":{"line":121,"column":12},"end":{"line":124,"column":13}},"type":"if","locations":[{"start":{"line":121,"column":12},"end":{"line":124,"column":13}},{"start":{},"end":{}}]},"18":{"loc":{"start":{"line":121,"column":16},"end":{"line":121,"column":58}},"type":"binary-expr","locations":[{"start":{"line":121,"column":16},"end":{"line":121,"column":32}},{"start":{"line":121,"column":36},"end":{"line":121,"column":58}}]},"19":{"loc":{"start":{"line":126,"column":12},"end":{"line":133,"column":13}},"type":"if","locations":[{"start":{"line":126,"column":12},"end":{"line":133,"column":13}},{"start":{},"end":{}}]},"20":{"loc":{"start":{"line":128,"column":16},"end":{"line":130,"column":17}},"type":"if","locations":[{"start":{"line":128,"column":16},"end":{"line":130,"column":17}},{"start":{},"end":{}}]},"21":{"loc":{"start":{"line":139,"column":8},"end":{"line":141,"column":9}},"type":"if","locations":[{"start":{"line":139,"column":8},"end":{"line":141,"column":9}},{"start":{},"end":{}}]},"22":{"loc":{"start":{"line":148,"column":8},"end":{"line":150,"column":9}},"type":"if","locations":[{"start":{"line":148,"column":8},"end":{"line":150,"column":9}},{"start":{},"end":{}}]},"23":{"loc":{"start":{"line":159,"column":8},"end":{"line":161,"column":9}},"type":"if","locations":[{"start":{"line":159,"column":8},"end":{"line":161,"column":9}},{"start":{},"end":{}}]},"24":{"loc":{"start":{"line":164,"column":8},"end":{"line":166,"column":9}},"type":"if","locations":[{"start":{"line":164,"column":8},"end":{"line":166,"column":9}},{"start":{},"end":{}}]},"25":{"loc":{"start":{"line":170,"column":8},"end":{"line":172,"column":9}},"type":"if","locations":[{"start":{"line":170,"column":8},"end":{"line":172,"column":9}},{"start":{},"end":{}}]},"26":{"loc":{"start":{"line":198,"column":8},"end":{"line":200,"column":9}},"type":"if","locations":[{"start":{"line":198,"column":8},"end":{"line":200,"column":9}},{"start":{},"end":{}}]},"27":{"loc":{"start":{"line":204,"column":8},"end":{"line":206,"column":9}},"type":"if","locations":[{"start":{"line":204,"column":8},"end":{"line":206,"column":9}},{"start":{},"end":{}}]},"28":{"loc":{"start":{"line":204,"column":12},"end":{"line":204,"column":88}},"type":"binary-expr","locations":[{"start":{"line":204,"column":12},"end":{"line":204,"column":38}},{"start":{"line":204,"column":43},"end":{"line":204,"column":88}}]},"29":{"loc":{"start":{"line":209,"column":24},"end":{"line":209,"column":78}},"type":"cond-expr","locations":[{"start":{"line":209,"column":49},"end":{"line":209,"column":62}},{"start":{"line":209,"column":65},"end":{"line":209,"column":78}}]},"30":{"loc":{"start":{"line":210,"column":76},"end":{"line":210,"column":110}},"type":"binary-expr","locations":[{"start":{"line":210,"column":76},"end":{"line":210,"column":83}},{"start":{"line":210,"column":87},"end":{"line":210,"column":110}}]},"31":{"loc":{"start":{"line":226,"column":24},"end":{"line":226,"column":78}},"type":"cond-expr","locations":[{"start":{"line":226,"column":49},"end":{"line":226,"column":62}},{"start":{"line":226,"column":65},"end":{"line":226,"column":78}}]},"32":{"loc":{"start":{"line":227,"column":76},"end":{"line":227,"column":110}},"type":"binary-expr","locations":[{"start":{"line":227,"column":76},"end":{"line":227,"column":83}},{"start":{"line":227,"column":87},"end":{"line":227,"column":110}}]}},"s":{"0":2,"1":2,"2":2,"3":2,"4":2,"5":2,"6":2,"7":2,"8":2,"9":2,"10":6,"11":6,"12":1,"13":5,"14":5,"15":5,"16":5,"17":1,"18":4,"19":4,"20":1,"21":2,"22":2,"23":0,"24":2,"25":1,"26":1,"27":2,"28":2,"29":2,"30":1,"31":1,"32":1,"33":1,"34":1,"35":0,"36":1,"37":1,"38":1,"39":0,"40":0,"41":0,"42":0,"43":0,"44":0,"45":0,"46":0,"47":0,"48":0,"49":0,"50":0,"51":0,"52":0,"53":1,"54":1,"55":2,"56":0,"57":0,"58":0,"59":0,"60":0,"61":0,"62":0,"63":0,"64":0,"65":0,"66":0,"67":0,"68":0,"69":0,"70":0,"71":0,"72":0,"73":0,"74":0,"75":0,"76":0,"77":0,"78":0,"79":0,"80":0,"81":0,"82":0,"83":0,"84":0,"85":0,"86":0,"87":0,"88":0,"89":0,"90":0,"91":0,"92":0,"93":0,"94":2,"95":2,"96":0,"97":0,"98":0,"99":0,"100":0,"101":0,"102":0,"103":0,"104":0,"105":0,"106":2,"107":0,"108":0,"109":0,"110":0,"111":0,"112":2},"f":{"0":6,"1":4,"2":2,"3":0,"4":0,"5":0},"b":{"0":[1,5],"1":[1,4],"2":[5,4],"3":[1,2],"4":[0,2],"5":[1,0],"6":[1,0],"7":[1,1],"8":[0,1],"9":[1,1],"10":[0,0],"11":[0,0],"12":[0,0],"13":[0,0],"14":[1,0],"15":[1,0],"16":[0,0],"17":[0,0],"18":[0,0],"19":[0,0],"20":[0,0],"21":[0,0],"22":[0,0],"23":[0,0],"24":[0,0],"25":[0,0],"26":[0,0],"27":[0,0],"28":[0,0],"29":[0,0],"30":[0,0],"31":[0,0],"32":[0,0]}}
,"C:\\Users\\prane\\OneDrive\\Desktop\\Prathap personal\\HospitalManagmentSystem\\Services\\auth\\src\\utils\\handleCrudOperation.ts": {"path":"C:\\Users\\prane\\OneDrive\\Desktop\\Prathap personal\\HospitalManagmentSystem\\Services\\auth\\src\\utils\\handleCrudOperation.ts","statementMap":{"0":{"start":{"line":2,"column":0},"end":{"line":2,"column":55}},"1":{"start":{"line":23,"column":35},"end":{"line":108,"column":1}},"2":{"start":{"line":24,"column":35},"end":{"line":24,"column":59}},"3":{"start":{"line":25,"column":4},"end":{"line":27,"column":5}},"4":{"start":{"line":26,"column":8},"end":{"line":26,"column":110}},"5":{"start":{"line":28,"column":4},"end":{"line":105,"column":5}},"6":{"start":{"line":30,"column":8},"end":{"line":99,"column":9}},"7":{"start":{"line":32,"column":16},"end":{"line":32,"column":56}},"8":{"start":{"line":33,"column":16},"end":{"line":33,"column":22}},"9":{"start":{"line":36,"column":16},"end":{"line":36,"column":52}},"10":{"start":{"line":37,"column":16},"end":{"line":37,"column":22}},"11":{"start":{"line":39,"column":16},"end":{"line":39,"column":50}},"12":{"start":{"line":40,"column":16},"end":{"line":40,"column":22}},"13":{"start":{"line":42,"column":16},"end":{"line":44,"column":17}},"14":{"start":{"line":43,"column":20},"end":{"line":43,"column":131}},"15":{"start":{"line":45,"column":16},"end":{"line":45,"column":81}},"16":{"start":{"line":46,"column":16},"end":{"line":46,"column":22}},"17":{"start":{"line":48,"column":16},"end":{"line":48,"column":55}},"18":{"start":{"line":49,"column":16},"end":{"line":49,"column":22}},"19":{"start":{"line":51,"column":16},"end":{"line":51,"column":56}},"20":{"start":{"line":52,"column":16},"end":{"line":52,"column":22}},"21":{"start":{"line":54,"column":16},"end":{"line":54,"column":53}},"22":{"start":{"line":56,"column":16},"end":{"line":58,"column":17}},"23":{"start":{"line":57,"column":20},"end":{"line":57,"column":132}},"24":{"start":{"line":59,"column":16},"end":{"line":59,"column":82}},"25":{"start":{"line":60,"column":16},"end":{"line":60,"column":22}},"26":{"start":{"line":63,"column":16},"end":{"line":70,"column":17}},"27":{"start":{"line":64,"column":20},"end":{"line":64,"column":68}},"28":{"start":{"line":65,"column":23},"end":{"line":70,"column":17}},"29":{"start":{"line":66,"column":20},"end":{"line":66,"column":93}},"30":{"start":{"line":69,"column":20},"end":{"line":69,"column":55}},"31":{"start":{"line":71,"column":16},"end":{"line":71,"column":22}},"32":{"start":{"line":73,"column":16},"end":{"line":73,"column":60}},"33":{"start":{"line":74,"column":16},"end":{"line":74,"column":22}},"34":{"start":{"line":75,"column":16},"end":{"line":75,"column":22}},"35":{"start":{"line":77,"column":16},"end":{"line":77,"column":54}},"36":{"start":{"line":78,"column":16},"end":{"line":78,"column":22}},"37":{"start":{"line":80,"column":16},"end":{"line":82,"column":17}},"38":{"start":{"line":81,"column":20},"end":{"line":81,"column":135}},"39":{"start":{"line":83,"column":16},"end":{"line":83,"column":132}},"40":{"start":{"line":84,"column":16},"end":{"line":84,"column":22}},"41":{"start":{"line":86,"column":16},"end":{"line":86,"column":63}},"42":{"start":{"line":87,"column":16},"end":{"line":87,"column":22}},"43":{"start":{"line":89,"column":16},"end":{"line":91,"column":17}},"44":{"start":{"line":90,"column":20},"end":{"line":90,"column":138}},"45":{"start":{"line":92,"column":16},"end":{"line":92,"column":103}},"46":{"start":{"line":93,"column":16},"end":{"line":93,"column":22}},"47":{"start":{"line":95,"column":16},"end":{"line":95,"column":62}},"48":{"start":{"line":96,"column":16},"end":{"line":96,"column":22}},"49":{"start":{"line":98,"column":16},"end":{"line":98,"column":111}},"50":{"start":{"line":100,"column":8},"end":{"line":100,"column":93}},"51":{"start":{"line":103,"column":24},"end":{"line":103,"column":78}},"52":{"start":{"line":104,"column":8},"end":{"line":104,"column":66}},"53":{"start":{"line":23,"column":13},"end":{"line":23,"column":35}}},"fnMap":{"0":{"name":"(anonymous_0)","decl":{"start":{"line":23,"column":35},"end":{"line":23,"column":40}},"loc":{"start":{"line":23,"column":210},"end":{"line":108,"column":1}}}},"branchMap":{"0":{"loc":{"start":{"line":25,"column":4},"end":{"line":27,"column":5}},"type":"if","locations":[{"start":{"line":25,"column":4},"end":{"line":27,"column":5}},{"start":{},"end":{}}]},"1":{"loc":{"start":{"line":30,"column":8},"end":{"line":99,"column":9}},"type":"switch","locations":[{"start":{"line":31,"column":12},"end":{"line":33,"column":22}},{"start":{"line":35,"column":12},"end":{"line":37,"column":22}},{"start":{"line":38,"column":12},"end":{"line":40,"column":22}},{"start":{"line":41,"column":12},"end":{"line":46,"column":22}},{"start":{"line":47,"column":12},"end":{"line":49,"column":22}},{"start":{"line":50,"column":12},"end":{"line":52,"column":22}},{"start":{"line":53,"column":12},"end":{"line":54,"column":53}},{"start":{"line":55,"column":12},"end":{"line":60,"column":22}},{"start":{"line":61,"column":12},"end":{"line":71,"column":22}},{"start":{"line":72,"column":12},"end":{"line":75,"column":22}},{"start":{"line":76,"column":12},"end":{"line":78,"column":22}},{"start":{"line":79,"column":12},"end":{"line":84,"column":22}},{"start":{"line":85,"column":12},"end":{"line":87,"column":22}},{"start":{"line":88,"column":12},"end":{"line":93,"column":22}},{"start":{"line":94,"column":12},"end":{"line":96,"column":22}},{"start":{"line":97,"column":12},"end":{"line":98,"column":111}}]},"2":{"loc":{"start":{"line":42,"column":16},"end":{"line":44,"column":17}},"type":"if","locations":[{"start":{"line":42,"column":16},"end":{"line":44,"column":17}},{"start":{},"end":{}}]},"3":{"loc":{"start":{"line":56,"column":16},"end":{"line":58,"column":17}},"type":"if","locations":[{"start":{"line":56,"column":16},"end":{"line":58,"column":17}},{"start":{},"end":{}}]},"4":{"loc":{"start":{"line":63,"column":16},"end":{"line":70,"column":17}},"type":"if","locations":[{"start":{"line":63,"column":16},"end":{"line":70,"column":17}},{"start":{"line":65,"column":23},"end":{"line":70,"column":17}}]},"5":{"loc":{"start":{"line":65,"column":23},"end":{"line":70,"column":17}},"type":"if","locations":[{"start":{"line":65,"column":23},"end":{"line":70,"column":17}},{"start":{"line":67,"column":23},"end":{"line":70,"column":17}}]},"6":{"loc":{"start":{"line":65,"column":27},"end":{"line":65,"column":118}},"type":"binary-expr","locations":[{"start":{"line":65,"column":27},"end":{"line":65,"column":33}},{"start":{"line":65,"column":38},"end":{"line":65,"column":68}},{"start":{"line":65,"column":72},"end":{"line":65,"column":118}}]},"7":{"loc":{"start":{"line":80,"column":16},"end":{"line":82,"column":17}},"type":"if","locations":[{"start":{"line":80,"column":16},"end":{"line":82,"column":17}},{"start":{},"end":{}}]},"8":{"loc":{"start":{"line":89,"column":16},"end":{"line":91,"column":17}},"type":"if","locations":[{"start":{"line":89,"column":16},"end":{"line":91,"column":17}},{"start":{},"end":{}}]},"9":{"loc":{"start":{"line":103,"column":24},"end":{"line":103,"column":78}},"type":"cond-expr","locations":[{"start":{"line":103,"column":49},"end":{"line":103,"column":62}},{"start":{"line":103,"column":65},"end":{"line":103,"column":78}}]}},"s":{"0":2,"1":2,"2":0,"3":0,"4":0,"5":0,"6":0,"7":0,"8":0,"9":0,"10":0,"11":0,"12":0,"13":0,"14":0,"15":0,"16":0,"17":0,"18":0,"19":0,"20":0,"21":0,"22":0,"23":0,"24":0,"25":0,"26":0,"27":0,"28":0,"29":0,"30":0,"31":0,"32":0,"33":0,"34":0,"35":0,"36":0,"37":0,"38":0,"39":0,"40":0,"41":0,"42":0,"43":0,"44":0,"45":0,"46":0,"47":0,"48":0,"49":0,"50":0,"51":0,"52":0,"53":2},"f":{"0":0},"b":{"0":[0,0],"1":[0,0,0,0,0,0,0,0,0,0,0,0,0,0,0,0],"2":[0,0],"3":[0,0],"4":[0,0],"5":[0,0],"6":[0,0,0],"7":[0,0],"8":[0,0],"9":[0,0]}}
,"C:\\Users\\prane\\OneDrive\\Desktop\\Prathap personal\\HospitalManagmentSystem\\Services\\auth\\src\\utils\\passwordUtils.ts": {"path":"C:\\Users\\prane\\OneDrive\\Desktop\\Prathap personal\\HospitalManagmentSystem\\Services\\auth\\src\\utils\\passwordUtils.ts","statementMap":{"0":{"start":{"line":1,"column":0},"end":{"line":1,"column":28}},"1":{"start":{"line":9,"column":28},"end":{"line":16,"column":1}},"2":{"start":{"line":10,"column":23},"end":{"line":10,"column":25}},"3":{"start":{"line":11,"column":27},"end":{"line":11,"column":66}},"4":{"start":{"line":12,"column":4},"end":{"line":14,"column":5}},"5":{"start":{"line":13,"column":8},"end":{"line":13,"column":92}},"6":{"start":{"line":15,"column":4},"end":{"line":15,"column":107}},"7":{"start":{"line":9,"column":13},"end":{"line":9,"column":28}},"8":{"start":{"line":18,"column":31},"end":{"line":24,"column":1}},"9":{"start":{"line":19,"column":20},"end":{"line":19,"column":66}},"10":{"start":{"line":20,"column":4},"end":{"line":22,"column":5}},"11":{"start":{"line":21,"column":8},"end":{"line":21,"column":86}},"12":{"start":{"line":23,"column":4},"end":{"line":23,"column":94}},"13":{"start":{"line":18,"column":13},"end":{"line":18,"column":31}}},"fnMap":{"0":{"name":"(anonymous_1)","decl":{"start":{"line":9,"column":28},"end":{"line":9,"column":33}},"loc":{"start":{"line":9,"column":69},"end":{"line":16,"column":1}}},"1":{"name":"(anonymous_2)","decl":{"start":{"line":18,"column":31},"end":{"line":18,"column":36}},"loc":{"start":{"line":18,"column":96},"end":{"line":24,"column":1}}}},"branchMap":{"0":{"loc":{"start":{"line":12,"column":4},"end":{"line":14,"column":5}},"type":"if","locations":[{"start":{"line":12,"column":4},"end":{"line":14,"column":5}},{"start":{},"end":{}}]},"1":{"loc":{"start":{"line":20,"column":4},"end":{"line":22,"column":5}},"type":"if","locations":[{"start":{"line":20,"column":4},"end":{"line":22,"column":5}},{"start":{},"end":{}}]}},"s":{"0":2,"1":2,"2":0,"3":0,"4":0,"5":0,"6":0,"7":2,"8":2,"9":0,"10":0,"11":0,"12":0,"13":2},"f":{"0":0,"1":0},"b":{"0":[0,0],"1":[0,0]}}
,"C:\\Users\\prane\\OneDrive\\Desktop\\Prathap personal\\HospitalManagmentSystem\\Services\\auth\\src\\utils\\userValidation.ts": {"path":"C:\\Users\\prane\\OneDrive\\Desktop\\Prathap personal\\HospitalManagmentSystem\\Services\\auth\\src\\utils\\userValidation.ts","statementMap":{"0":{"start":{"line":1,"column":0},"end":{"line":1,"column":22}},"1":{"start":{"line":3,"column":19},"end":{"line":10,"column":2}},"2":{"start":{"line":12,"column":28},"end":{"line":19,"column":1}},"3":{"start":{"line":14,"column":22},"end":{"line":14,"column":58}},"4":{"start":{"line":15,"column":4},"end":{"line":17,"column":5}},"5":{"start":{"line":16,"column":8},"end":{"line":16,"column":114}},"6":{"start":{"line":18,"column":4},"end":{"line":18,"column":11}},"7":{"start":{"line":12,"column":13},"end":{"line":12,"column":28}}},"fnMap":{"0":{"name":"(anonymous_1)","decl":{"start":{"line":12,"column":28},"end":{"line":12,"column":29}},"loc":{"start":{"line":12,"column":76},"end":{"line":19,"column":1}}}},"branchMap":{"0":{"loc":{"start":{"line":15,"column":4},"end":{"line":17,"column":5}},"type":"if","locations":[{"start":{"line":15,"column":4},"end":{"line":17,"column":5}},{"start":{},"end":{}}]}},"s":{"0":2,"1":2,"2":2,"3":0,"4":0,"5":0,"6":0,"7":2},"f":{"0":0},"b":{"0":[0,0]}}
}
