TN:
SF:src\app.ts
FNF:0
FNH:0
DA:1,0
DA:2,0
DA:3,0
DA:4,0
DA:5,0
DA:6,0
DA:8,0
DA:9,0
DA:10,0
DA:11,0
DA:13,0
DA:14,0
LF:12
LH:0
BRF:0
BRH:0
end_of_record
TN:
SF:src\index.ts
FN:9,(anonymous_1)
FN:12,(anonymous_2)
FNF:2
FNH:0
FNDA:0,(anonymous_1)
FNDA:0,(anonymous_2)
DA:1,0
DA:2,0
DA:3,0
DA:5,0
DA:7,0
DA:9,0
DA:10,0
DA:11,0
DA:12,0
DA:13,0
DA:16,0
LF:11
LH:0
BRDA:7,0,0,0
BRDA:7,0,1,0
BRF:2
BRH:0
end_of_record
TN:
SF:src\config\db.ts
FN:6,(anonymous_1)
FN:19,(anonymous_2)
FN:23,(anonymous_3)
FNF:3
FNH:0
FNDA:0,(anonymous_1)
FNDA:0,(anonymous_2)
FNDA:0,(anonymous_3)
DA:1,0
DA:2,0
DA:3,0
DA:4,0
DA:6,0
DA:7,0
DA:8,0
DA:9,0
DA:10,0
DA:12,0
DA:13,0
DA:15,0
DA:16,0
DA:19,0
DA:20,0
DA:23,0
DA:24,0
LF:17
LH:0
BRDA:4,0,0,0
BRDA:4,0,1,0
BRDA:8,1,0,0
BRDA:8,1,1,0
BRF:4
BRH:0
end_of_record
TN:
SF:src\config\redis.ts
FN:8,(anonymous_0)
FN:9,(anonymous_1)
FN:11,(anonymous_2)
FNF:3
FNH:2
FNDA:0,(anonymous_0)
FNDA:2,(anonymous_1)
FNDA:2,(anonymous_2)
DA:2,2
DA:4,2
DA:8,2
DA:9,2
DA:11,2
DA:12,2
DA:15,2
LF:7
LH:7
BRF:0
BRH:0
end_of_record
TN:
SF:src\middlewares\jwt.ts
FN:20,generateJwtToken
FN:36,verifyJwtToken
FN:61,generateRefereshedToken
FN:75,verifyRefreshedToken1
FN:93,verifyRefreshedToken
FNF:5
FNH:0
FNDA:0,generateJwtToken
FNDA:0,verifyJwtToken
FNDA:0,generateRefereshedToken
FNDA:0,verifyRefreshedToken1
FNDA:0,verifyRefreshedToken
DA:2,2
DA:3,2
DA:5,2
DA:7,2
DA:8,2
DA:10,2
DA:11,2
DA:20,2
DA:21,0
DA:22,0
DA:23,0
DA:24,0
DA:26,0
DA:29,0
DA:36,2
DA:37,0
DA:39,0
DA:40,0
DA:41,0
DA:42,0
DA:45,0
DA:46,0
DA:47,0
DA:51,0
DA:52,0
DA:55,0
DA:56,0
DA:61,2
DA:62,0
DA:63,0
DA:64,0
DA:65,0
DA:67,0
DA:70,0
DA:75,2
DA:76,0
DA:77,0
DA:78,0
DA:79,0
DA:81,0
DA:82,0
DA:83,0
DA:85,0
DA:87,0
DA:93,2
DA:94,0
DA:95,0
DA:96,0
DA:98,0
DA:99,0
DA:100,0
DA:102,0
DA:104,0
LF:53
LH:12
BRDA:7,0,0,2
BRDA:7,0,1,0
BRDA:8,1,0,2
BRDA:8,1,1,0
BRDA:10,2,0,2
BRDA:10,2,1,0
BRDA:11,3,0,2
BRDA:11,3,1,0
BRDA:23,4,0,0
BRDA:23,4,1,0
BRDA:39,5,0,0
BRDA:39,5,1,0
BRDA:40,6,0,0
BRDA:40,6,1,0
BRDA:41,7,0,0
BRDA:41,7,1,0
BRDA:46,8,0,0
BRDA:46,8,1,0
BRDA:55,9,0,0
BRDA:55,9,1,0
BRDA:56,10,0,0
BRDA:56,10,1,0
BRDA:64,11,0,0
BRDA:64,11,1,0
BRDA:78,12,0,0
BRDA:78,12,1,0
BRDA:82,13,0,0
BRDA:82,13,1,0
BRDA:95,14,0,0
BRDA:95,14,1,0
BRDA:99,15,0,0
BRDA:99,15,1,0
BRF:32
BRH:4
end_of_record
TN:
SF:src\middlewares\refreshToken.ts
FNF:0
FNH:0
DA:2,0
DA:4,0
LF:2
LH:0
BRF:0
BRH:0
end_of_record
TN:
SF:src\models\modelRigistry.ts
FNF:0
FNH:0
DA:1,2
DA:3,2
LF:2
LH:2
BRF:0
BRH:0
end_of_record
TN:
SF:src\models\user.model.ts
FNF:0
FNH:0
DA:1,4
DA:17,4
DA:53,4
LF:3
LH:3
BRF:0
BRH:0
end_of_record
TN:
SF:src\routes\user.auth.ts
FN:13,(anonymous_1)
FN:20,(anonymous_2)
FN:47,(anonymous_3)
FN:111,(anonymous_4)
FN:195,(anonymous_5)
FN:216,(anonymous_6)
FNF:6
FNH:3
FNDA:6,(anonymous_1)
FNDA:4,(anonymous_2)
FNDA:2,(anonymous_3)
FNDA:0,(anonymous_4)
FNDA:0,(anonymous_5)
FNDA:0,(anonymous_6)
DA:1,2
DA:2,2
DA:3,2
DA:4,2
DA:5,2
DA:6,2
DA:7,2
DA:8,2
DA:10,2
DA:13,2
DA:14,6
DA:16,6
DA:17,1
DA:20,5
DA:21,5
DA:23,5
DA:24,5
DA:25,1
DA:28,4
DA:29,4
DA:30,1
DA:34,2
DA:35,2
DA:36,0
DA:38,2
DA:41,1
DA:42,1
DA:47,2
DA:48,2
DA:50,2
DA:51,1
DA:53,1
DA:55,1
DA:60,1
DA:61,1
DA:62,0
DA:64,1
DA:65,1
DA:66,1
DA:67,0
DA:70,0
DA:76,0
DA:77,0
DA:78,0
DA:81,0
DA:82,0
DA:83,0
DA:88,0
DA:89,0
DA:93,0
DA:94,0
DA:97,0
DA:103,0
DA:105,1
DA:106,1
DA:111,2
DA:112,0
DA:114,0
DA:115,0
DA:116,0
DA:118,0
DA:120,0
DA:121,0
DA:122,0
DA:126,0
DA:127,0
DA:128,0
DA:129,0
DA:131,0
DA:132,0
DA:134,0
DA:136,0
DA:138,0
DA:139,0
DA:140,0
DA:143,0
DA:144,0
DA:146,0
DA:148,0
DA:149,0
DA:152,0
DA:158,0
DA:159,0
DA:160,0
DA:163,0
DA:164,0
DA:165,0
DA:170,0
DA:171,0
DA:175,0
DA:176,0
DA:179,0
DA:185,0
DA:188,0
DA:192,2
DA:195,2
DA:196,0
DA:198,0
DA:199,0
DA:201,0
DA:203,0
DA:204,0
DA:205,0
DA:207,0
DA:209,0
DA:210,0
DA:216,2
DA:217,0
DA:218,0
DA:223,0
DA:226,0
DA:227,0
DA:232,2
LF:113
LH:44
BRDA:16,0,0,1
BRDA:16,0,1,5
BRDA:24,1,0,1
BRDA:24,1,1,4
BRDA:24,2,0,5
BRDA:24,2,1,4
BRDA:29,3,0,1
BRDA:29,3,1,2
BRDA:35,4,0,0
BRDA:35,4,1,2
BRDA:41,5,0,1
BRDA:41,5,1,0
BRDA:42,6,0,1
BRDA:42,6,1,0
BRDA:50,7,0,1
BRDA:50,7,1,1
BRDA:61,8,0,0
BRDA:61,8,1,1
BRDA:61,9,0,1
BRDA:61,9,1,1
BRDA:66,10,0,0
BRDA:66,10,1,0
BRDA:77,11,0,0
BRDA:77,11,1,0
BRDA:82,12,0,0
BRDA:82,12,1,0
BRDA:88,13,0,0
BRDA:88,13,1,0
BRDA:105,14,0,1
BRDA:105,14,1,0
BRDA:106,15,0,1
BRDA:106,15,1,0
BRDA:115,16,0,0
BRDA:115,16,1,0
BRDA:121,17,0,0
BRDA:121,17,1,0
BRDA:121,18,0,0
BRDA:121,18,1,0
BRDA:126,19,0,0
BRDA:126,19,1,0
BRDA:128,20,0,0
BRDA:128,20,1,0
BRDA:139,21,0,0
BRDA:139,21,1,0
BRDA:148,22,0,0
BRDA:148,22,1,0
BRDA:159,23,0,0
BRDA:159,23,1,0
BRDA:164,24,0,0
BRDA:164,24,1,0
BRDA:170,25,0,0
BRDA:170,25,1,0
BRDA:198,26,0,0
BRDA:198,26,1,0
BRDA:204,27,0,0
BRDA:204,27,1,0
BRDA:204,28,0,0
BRDA:204,28,1,0
BRDA:209,29,0,0
BRDA:209,29,1,0
BRDA:210,30,0,0
BRDA:210,30,1,0
BRDA:226,31,0,0
BRDA:226,31,1,0
BRDA:227,32,0,0
BRDA:227,32,1,0
BRF:66
BRH:18
end_of_record
TN:
SF:src\utils\handleCrudOperation.ts
FN:23,(anonymous_0)
FNF:1
FNH:0
FNDA:0,(anonymous_0)
DA:2,2
DA:23,2
DA:24,0
DA:25,0
DA:26,0
DA:28,0
DA:30,0
DA:32,0
DA:33,0
DA:36,0
DA:37,0
DA:39,0
DA:40,0
DA:42,0
DA:43,0
DA:45,0
DA:46,0
DA:48,0
DA:49,0
DA:51,0
DA:52,0
DA:54,0
DA:56,0
DA:57,0
DA:59,0
DA:60,0
DA:63,0
DA:64,0
DA:65,0
DA:66,0
DA:69,0
DA:71,0
DA:73,0
DA:74,0
DA:75,0
DA:77,0
DA:78,0
DA:80,0
DA:81,0
DA:83,0
DA:84,0
DA:86,0
DA:87,0
DA:89,0
DA:90,0
DA:92,0
DA:93,0
DA:95,0
DA:96,0
DA:98,0
DA:100,0
DA:103,0
DA:104,0
LF:53
LH:2
BRDA:25,0,0,0
BRDA:25,0,1,0
BRDA:30,1,0,0
BRDA:30,1,1,0
BRDA:30,1,2,0
BRDA:30,1,3,0
BRDA:30,1,4,0
BRDA:30,1,5,0
BRDA:30,1,6,0
BRDA:30,1,7,0
BRDA:30,1,8,0
BRDA:30,1,9,0
BRDA:30,1,10,0
BRDA:30,1,11,0
BRDA:30,1,12,0
BRDA:30,1,13,0
BRDA:30,1,14,0
BRDA:30,1,15,0
BRDA:42,2,0,0
BRDA:42,2,1,0
BRDA:56,3,0,0
BRDA:56,3,1,0
BRDA:63,4,0,0
BRDA:63,4,1,0
BRDA:65,5,0,0
BRDA:65,5,1,0
BRDA:65,6,0,0
BRDA:65,6,1,0
BRDA:65,6,2,0
BRDA:80,7,0,0
BRDA:80,7,1,0
BRDA:89,8,0,0
BRDA:89,8,1,0
BRDA:103,9,0,0
BRDA:103,9,1,0
BRF:35
BRH:0
end_of_record
TN:
SF:src\utils\passwordUtils.ts
FN:9,(anonymous_1)
FN:18,(anonymous_2)
FNF:2
FNH:0
FNDA:0,(anonymous_1)
FNDA:0,(anonymous_2)
DA:1,2
DA:9,2
DA:10,0
DA:11,0
DA:12,0
DA:13,0
DA:15,0
DA:18,2
DA:19,0
DA:20,0
DA:21,0
DA:23,0
LF:12
LH:3
BRDA:12,0,0,0
BRDA:12,0,1,0
BRDA:20,1,0,0
BRDA:20,1,1,0
BRF:4
BRH:0
end_of_record
TN:
SF:src\utils\userValidation.ts
FN:12,(anonymous_1)
FNF:1
FNH:0
FNDA:0,(anonymous_1)
DA:1,2
DA:3,2
DA:12,2
DA:14,0
DA:15,0
DA:16,0
DA:18,0
LF:7
LH:3
BRDA:15,0,0,0
BRDA:15,0,1,0
BRF:2
BRH:0
end_of_record
